-------------------------------------------------------------------------------
Test set: com.rp.test.PublisherTest
-------------------------------------------------------------------------------
Tests run: 3, Failures: 3, Errors: 0, Skipped: 0, Time elapsed: 0.016 sec <<< FAILURE!
com.rp.test.PublisherTest.test1()  Time elapsed: 0.011 sec  <<< FAILURE!
java.lang.AssertionError: expectation "expectNextCount(4)" failed (expected: count = 4; actual: counted = 3; signal: onComplete())
	at reactor.test.MessageFormatter.assertionError(MessageFormatter.java:115)
	at reactor.test.MessageFormatter.failPrefix(MessageFormatter.java:104)
	at reactor.test.MessageFormatter.fail(MessageFormatter.java:73)
	at reactor.test.MessageFormatter.failOptional(MessageFormatter.java:88)
	at reactor.test.DefaultStepVerifierBuilder$DefaultVerifySubscriber.checkCountMismatch(DefaultStepVerifierBuilder.java:1334)
	at reactor.test.DefaultStepVerifierBuilder$DefaultVerifySubscriber.onSignalCount(DefaultStepVerifierBuilder.java:1565)
	at reactor.test.DefaultStepVerifierBuilder$DefaultVerifySubscriber.onExpectation(DefaultStepVerifierBuilder.java:1417)
	at reactor.test.DefaultStepVerifierBuilder$DefaultVerifySubscriber.onComplete(DefaultStepVerifierBuilder.java:1079)
	at reactor.test.publisher.DefaultTestPublisher$TestPublisherSubscription.onComplete(DefaultTestPublisher.java:248)
	at reactor.test.publisher.DefaultTestPublisher.complete(DefaultTestPublisher.java:432)
	at reactor.test.publisher.DefaultTestPublisher.complete(DefaultTestPublisher.java:40)
	at reactor.test.publisher.TestPublisher.emit(TestPublisher.java:269)
	at com.rp.test.PublisherTest.lambda$test1$1(PublisherTest.java:20)
	at reactor.test.DefaultStepVerifierBuilder$TaskEvent.run(DefaultStepVerifierBuilder.java:2296)
	at reactor.test.DefaultStepVerifierBuilder$DefaultVerifySubscriber.waitTaskEvent(DefaultStepVerifierBuilder.java:1653)
	at reactor.test.DefaultStepVerifierBuilder$DefaultVerifySubscriber.pollTaskEventOrComplete(DefaultStepVerifierBuilder.java:1674)
	at reactor.test.DefaultStepVerifierBuilder$DefaultVerifySubscriber.verify(DefaultStepVerifierBuilder.java:1260)
	at reactor.test.DefaultStepVerifierBuilder$DefaultStepVerifier.verify(DefaultStepVerifierBuilder.java:824)
	at reactor.test.DefaultStepVerifierBuilder$DefaultStepVerifier.verify(DefaultStepVerifierBuilder.java:815)
	at reactor.test.DefaultStepVerifierBuilder.verifyComplete(DefaultStepVerifierBuilder.java:682)
	at com.rp.test.PublisherTest.test1(PublisherTest.java:24)

com.rp.test.PublisherTest.test2()  Time elapsed: 0.001 sec  <<< FAILURE!
java.lang.AssertionError: expectation "expectNext(1)" failed (expected value: 1; actual value: 0)
	at reactor.test.MessageFormatter.assertionError(MessageFormatter.java:115)
	at reactor.test.MessageFormatter.failPrefix(MessageFormatter.java:104)
	at reactor.test.MessageFormatter.fail(MessageFormatter.java:73)
	at reactor.test.MessageFormatter.failOptional(MessageFormatter.java:88)
	at reactor.test.DefaultStepVerifierBuilder.lambda$addExpectedValue$10(DefaultStepVerifierBuilder.java:504)
	at reactor.test.DefaultStepVerifierBuilder$SignalEvent.test(DefaultStepVerifierBuilder.java:2212)
	at reactor.test.DefaultStepVerifierBuilder$DefaultVerifySubscriber.onSignal(DefaultStepVerifierBuilder.java:1484)
	at reactor.test.DefaultStepVerifierBuilder$DefaultVerifySubscriber.onExpectation(DefaultStepVerifierBuilder.java:1432)
	at reactor.test.DefaultStepVerifierBuilder$DefaultVerifySubscriber.onNext(DefaultStepVerifierBuilder.java:1108)
	at reactor.test.publisher.DefaultTestPublisher$TestPublisherSubscription.onNext(DefaultTestPublisher.java:232)
	at reactor.test.publisher.DefaultTestPublisher.next(DefaultTestPublisher.java:400)
	at reactor.test.publisher.DefaultTestPublisher.next(DefaultTestPublisher.java:40)
	at reactor.test.publisher.TestPublisher.next(TestPublisher.java:248)
	at com.rp.test.PublisherTest.lambda$test2$2(PublisherTest.java:33)
	at reactor.test.DefaultStepVerifierBuilder$TaskEvent.run(DefaultStepVerifierBuilder.java:2296)
	at reactor.test.DefaultStepVerifierBuilder$DefaultVerifySubscriber.waitTaskEvent(DefaultStepVerifierBuilder.java:1653)
	at reactor.test.DefaultStepVerifierBuilder$DefaultVerifySubscriber.pollTaskEventOrComplete(DefaultStepVerifierBuilder.java:1674)
	at reactor.test.DefaultStepVerifierBuilder$DefaultVerifySubscriber.verify(DefaultStepVerifierBuilder.java:1260)
	at reactor.test.DefaultStepVerifierBuilder$DefaultStepVerifier.verify(DefaultStepVerifierBuilder.java:824)
	at reactor.test.DefaultStepVerifierBuilder$DefaultStepVerifier.verify(DefaultStepVerifierBuilder.java:815)
	at com.rp.test.PublisherTest.test2(PublisherTest.java:40)

com.rp.test.PublisherTest.test3()  Time elapsed: 0.003 sec  <<< FAILURE!
java.lang.AssertionError: expectation "expectNext(1)" failed (expected value: 1; actual value: 0)
	at reactor.test.MessageFormatter.assertionError(MessageFormatter.java:115)
	at reactor.test.MessageFormatter.failPrefix(MessageFormatter.java:104)
	at reactor.test.MessageFormatter.fail(MessageFormatter.java:73)
	at reactor.test.MessageFormatter.failOptional(MessageFormatter.java:88)
	at reactor.test.DefaultStepVerifierBuilder.lambda$addExpectedValue$10(DefaultStepVerifierBuilder.java:504)
	at reactor.test.DefaultStepVerifierBuilder$SignalEvent.test(DefaultStepVerifierBuilder.java:2212)
	at reactor.test.DefaultStepVerifierBuilder$DefaultVerifySubscriber.onSignal(DefaultStepVerifierBuilder.java:1484)
	at reactor.test.DefaultStepVerifierBuilder$DefaultVerifySubscriber.onExpectation(DefaultStepVerifierBuilder.java:1432)
	at reactor.test.DefaultStepVerifierBuilder$DefaultVerifySubscriber.onNext(DefaultStepVerifierBuilder.java:1108)
	at reactor.test.publisher.DefaultTestPublisher$TestPublisherSubscription.onNext(DefaultTestPublisher.java:232)
	at reactor.test.publisher.DefaultTestPublisher.next(DefaultTestPublisher.java:400)
	at reactor.test.publisher.DefaultTestPublisher.next(DefaultTestPublisher.java:40)
	at reactor.test.publisher.TestPublisher.emit(TestPublisher.java:267)
	at com.rp.test.PublisherTest.lambda$test3$5(PublisherTest.java:49)
	at reactor.test.DefaultStepVerifierBuilder$TaskEvent.run(DefaultStepVerifierBuilder.java:2296)
	at reactor.test.DefaultStepVerifierBuilder$DefaultVerifySubscriber.waitTaskEvent(DefaultStepVerifierBuilder.java:1653)
	at reactor.test.DefaultStepVerifierBuilder$DefaultVerifySubscriber.pollTaskEventOrComplete(DefaultStepVerifierBuilder.java:1674)
	at reactor.test.DefaultStepVerifierBuilder$DefaultVerifySubscriber.verify(DefaultStepVerifierBuilder.java:1260)
	at reactor.test.DefaultStepVerifierBuilder$DefaultStepVerifier.verify(DefaultStepVerifierBuilder.java:824)
	at reactor.test.DefaultStepVerifierBuilder$DefaultStepVerifier.verify(DefaultStepVerifierBuilder.java:815)
	at com.rp.test.PublisherTest.test3(PublisherTest.java:52)

