-------------------------------------------------------------------------------
Test set: com.rp.test.Lec06ScenarioNameTest
-------------------------------------------------------------------------------
Tests run: 2, Failures: 2, Errors: 0, Skipped: 0, Time elapsed: 0.007 sec <<< FAILURE!
com.rp.test.Lec06ScenarioNameTest.test1()  Time elapsed: 0.002 sec  <<< FAILURE!
java.lang.AssertionError: [alphabets-test] expectation "expectNextCount(12)" failed (expected: count = 12; actual: counted = 3; signal: onComplete())
	at reactor.test.MessageFormatter.assertionError(MessageFormatter.java:115)
	at reactor.test.MessageFormatter.failPrefix(MessageFormatter.java:104)
	at reactor.test.MessageFormatter.fail(MessageFormatter.java:73)
	at reactor.test.MessageFormatter.failOptional(MessageFormatter.java:88)
	at reactor.test.DefaultStepVerifierBuilder$DefaultVerifySubscriber.checkCountMismatch(DefaultStepVerifierBuilder.java:1334)
	at reactor.test.DefaultStepVerifierBuilder$DefaultVerifySubscriber.onSignalCount(DefaultStepVerifierBuilder.java:1565)
	at reactor.test.DefaultStepVerifierBuilder$DefaultVerifySubscriber.onExpectation(DefaultStepVerifierBuilder.java:1417)
	at reactor.test.DefaultStepVerifierBuilder$DefaultVerifySubscriber.onComplete(DefaultStepVerifierBuilder.java:1079)
	at reactor.core.publisher.FluxArray$ArraySubscription.fastPath(FluxArray.java:177)
	at reactor.core.publisher.FluxArray$ArraySubscription.request(FluxArray.java:97)
	at reactor.test.DefaultStepVerifierBuilder$DefaultVerifySubscriber.onSubscribe(DefaultStepVerifierBuilder.java:1123)
	at reactor.core.publisher.FluxArray.subscribe(FluxArray.java:53)
	at reactor.core.publisher.FluxArray.subscribe(FluxArray.java:59)
	at reactor.core.publisher.Flux.subscribe(Flux.java:8147)
	at reactor.test.DefaultStepVerifierBuilder$DefaultStepVerifier.toVerifierAndSubscribe(DefaultStepVerifierBuilder.java:867)
	at reactor.test.DefaultStepVerifierBuilder$DefaultStepVerifier.verify(DefaultStepVerifierBuilder.java:823)
	at reactor.test.DefaultStepVerifierBuilder$DefaultStepVerifier.verify(DefaultStepVerifierBuilder.java:815)
	at reactor.test.DefaultStepVerifierBuilder.verifyComplete(DefaultStepVerifierBuilder.java:682)
	at com.rp.test.Lec06ScenarioNameTest.test1(Lec06ScenarioNameTest.java:19)

com.rp.test.Lec06ScenarioNameTest.test2()  Time elapsed: 0.003 sec  <<< FAILURE!
java.lang.AssertionError: expectation "b-test" failed (expected value: b; actual value: b1)
	at reactor.test.MessageFormatter.assertionError(MessageFormatter.java:115)
	at reactor.test.MessageFormatter.failPrefix(MessageFormatter.java:104)
	at reactor.test.MessageFormatter.fail(MessageFormatter.java:73)
	at reactor.test.MessageFormatter.failOptional(MessageFormatter.java:88)
	at reactor.test.DefaultStepVerifierBuilder.lambda$addExpectedValue$10(DefaultStepVerifierBuilder.java:504)
	at reactor.test.DefaultStepVerifierBuilder$SignalEvent.test(DefaultStepVerifierBuilder.java:2212)
	at reactor.test.DefaultStepVerifierBuilder$DefaultVerifySubscriber.onSignal(DefaultStepVerifierBuilder.java:1484)
	at reactor.test.DefaultStepVerifierBuilder$DefaultVerifySubscriber.onExpectation(DefaultStepVerifierBuilder.java:1432)
	at reactor.test.DefaultStepVerifierBuilder$DefaultVerifySubscriber.onNext(DefaultStepVerifierBuilder.java:1108)
	at reactor.core.publisher.FluxArray$ArraySubscription.fastPath(FluxArray.java:172)
	at reactor.core.publisher.FluxArray$ArraySubscription.request(FluxArray.java:97)
	at reactor.test.DefaultStepVerifierBuilder$DefaultVerifySubscriber.onSubscribe(DefaultStepVerifierBuilder.java:1123)
	at reactor.core.publisher.FluxArray.subscribe(FluxArray.java:53)
	at reactor.core.publisher.FluxArray.subscribe(FluxArray.java:59)
	at reactor.core.publisher.Flux.subscribe(Flux.java:8147)
	at reactor.test.DefaultStepVerifierBuilder$DefaultStepVerifier.toVerifierAndSubscribe(DefaultStepVerifierBuilder.java:867)
	at reactor.test.DefaultStepVerifierBuilder$DefaultStepVerifier.verify(DefaultStepVerifierBuilder.java:823)
	at reactor.test.DefaultStepVerifierBuilder$DefaultStepVerifier.verify(DefaultStepVerifierBuilder.java:815)
	at reactor.test.DefaultStepVerifierBuilder.verifyComplete(DefaultStepVerifierBuilder.java:682)
	at com.rp.test.Lec06ScenarioNameTest.test2(Lec06ScenarioNameTest.java:36)

