<?xml version="1.0" encoding="UTF-8" ?>
<testsuite tests="3" failures="3" name="com.rp.test.PublisherTest" time="0.015" errors="0" skipped="0">
  <properties>
    <property name="idea.version" value="2021.2.3"/>
    <property name="java.runtime.name" value="OpenJDK Runtime Environment"/>
    <property name="java.vm.version" value="12.0.2+10"/>
    <property name="sun.boot.library.path" value="/Library/Java/JavaVirtualMachines/openjdk-12.0.2.jdk/Contents/Home/lib"/>
    <property name="maven.multiModuleProjectDirectory" value="/Users/ankur/Desktop/Practise Code/Java/Courses/java-reactive-programming-course-master"/>
    <property name="java.vm.vendor" value="Oracle Corporation"/>
    <property name="java.vendor.url" value="https://java.oracle.com/"/>
    <property name="guice.disable.misplaced.annotation.check" value="true"/>
    <property name="path.separator" value=":"/>
    <property name="java.vm.name" value="OpenJDK 64-Bit Server VM"/>
    <property name="user.country" value="IN"/>
    <property name="sun.java.launcher" value="SUN_STANDARD"/>
    <property name="java.vm.specification.name" value="Java Virtual Machine Specification"/>
    <property name="user.dir" value="/Users/ankur/Desktop/Practise Code/Java/Courses/java-reactive-programming-course-master"/>
    <property name="java.vm.compressedOopsMode" value="Zero based"/>
    <property name="java.runtime.version" value="12.0.2+10"/>
    <property name="java.awt.graphicsenv" value="sun.awt.CGraphicsEnvironment"/>
    <property name="os.arch" value="x86_64"/>
    <property name="java.io.tmpdir" value="/var/folders/jp/mjfkxv6110v7ljkbtkyn4qxc0000gn/T/"/>
    <property name="line.separator" value="
"/>
    <property name="java.vm.specification.vendor" value="Oracle Corporation"/>
    <property name="os.name" value="Mac OS X"/>
    <property name="maven.ext.class.path" value="/Applications/IntelliJ IDEA CE.app/Contents/plugins/maven/lib/maven-event-listener.jar"/>
    <property name="classworlds.conf" value="/Applications/IntelliJ IDEA CE.app/Contents/plugins/maven/lib/maven3/bin/m2.conf"/>
    <property name="sun.jnu.encoding" value="UTF-8"/>
    <property name="java.library.path" value="/Users/ankur/Library/Java/Extensions:/Library/Java/Extensions:/Network/Library/Java/Extensions:/System/Library/Java/Extensions:/usr/lib/java:."/>
    <property name="maven.conf" value="/Applications/IntelliJ IDEA CE.app/Contents/plugins/maven/lib/maven3/conf"/>
    <property name="jdk.debug" value="release"/>
    <property name="java.class.version" value="56.0"/>
    <property name="java.specification.name" value="Java Platform API Specification"/>
    <property name="sun.management.compiler" value="HotSpot 64-Bit Tiered Compilers"/>
    <property name="os.version" value="10.14.6"/>
    <property name="http.nonProxyHosts" value="local|*.local|169.254/16|*.169.254/16"/>
    <property name="user.home" value="/Users/ankur"/>
    <property name="user.timezone" value="Asia/Kolkata"/>
    <property name="file.encoding" value="UTF-8"/>
    <property name="java.specification.version" value="12"/>
    <property name="user.name" value="ankur"/>
    <property name="java.class.path" value="/Applications/IntelliJ IDEA CE.app/Contents/plugins/maven/lib/maven3/boot/plexus-classworlds.license:/Applications/IntelliJ IDEA CE.app/Contents/plugins/maven/lib/maven3/boot/plexus-classworlds-2.6.0.jar"/>
    <property name="java.vm.specification.version" value="12"/>
    <property name="sun.arch.data.model" value="64"/>
    <property name="sun.java.command" value="org.codehaus.classworlds.Launcher -Didea.version=2021.2.3 install"/>
    <property name="java.home" value="/Library/Java/JavaVirtualMachines/openjdk-12.0.2.jdk/Contents/Home"/>
    <property name="user.language" value="en"/>
    <property name="java.specification.vendor" value="Oracle Corporation"/>
    <property name="awt.toolkit" value="sun.lwawt.macosx.LWCToolkit"/>
    <property name="java.vm.info" value="mixed mode, sharing"/>
    <property name="java.version" value="12.0.2"/>
    <property name="java.vendor" value="Oracle Corporation"/>
    <property name="maven.home" value="/Applications/IntelliJ IDEA CE.app/Contents/plugins/maven/lib/maven3"/>
    <property name="file.separator" value="/"/>
    <property name="java.version.date" value="2019-07-16"/>
    <property name="java.vendor.url.bug" value="https://bugreport.java.com/bugreport/"/>
    <property name="sun.io.unicode.encoding" value="UnicodeBig"/>
    <property name="sun.cpu.endian" value="little"/>
    <property name="socksNonProxyHosts" value="local|*.local|169.254/16|*.169.254/16"/>
    <property name="ftp.nonProxyHosts" value="local|*.local|169.254/16|*.169.254/16"/>
  </properties>
  <testcase classname="com.rp.test.PublisherTest" name="com.rp.test.PublisherTest.test1" time="0.011">
    <failure message="expectation &quot;expectNextCount(4)&quot; failed (expected: count = 4; actual: counted = 3; signal: onComplete())" type="java.lang.AssertionError">java.lang.AssertionError: expectation &quot;expectNextCount(4)&quot; failed (expected: count = 4; actual: counted = 3; signal: onComplete())
	at reactor.test.MessageFormatter.assertionError(MessageFormatter.java:115)
	at reactor.test.MessageFormatter.failPrefix(MessageFormatter.java:104)
	at reactor.test.MessageFormatter.fail(MessageFormatter.java:73)
	at reactor.test.MessageFormatter.failOptional(MessageFormatter.java:88)
	at reactor.test.DefaultStepVerifierBuilder$DefaultVerifySubscriber.checkCountMismatch(DefaultStepVerifierBuilder.java:1334)
	at reactor.test.DefaultStepVerifierBuilder$DefaultVerifySubscriber.onSignalCount(DefaultStepVerifierBuilder.java:1565)
	at reactor.test.DefaultStepVerifierBuilder$DefaultVerifySubscriber.onExpectation(DefaultStepVerifierBuilder.java:1417)
	at reactor.test.DefaultStepVerifierBuilder$DefaultVerifySubscriber.onComplete(DefaultStepVerifierBuilder.java:1079)
	at reactor.test.publisher.DefaultTestPublisher$TestPublisherSubscription.onComplete(DefaultTestPublisher.java:248)
	at reactor.test.publisher.DefaultTestPublisher.complete(DefaultTestPublisher.java:432)
	at reactor.test.publisher.DefaultTestPublisher.complete(DefaultTestPublisher.java:40)
	at reactor.test.publisher.TestPublisher.emit(TestPublisher.java:269)
	at com.rp.test.PublisherTest.lambda$test1$1(PublisherTest.java:20)
	at reactor.test.DefaultStepVerifierBuilder$TaskEvent.run(DefaultStepVerifierBuilder.java:2296)
	at reactor.test.DefaultStepVerifierBuilder$DefaultVerifySubscriber.waitTaskEvent(DefaultStepVerifierBuilder.java:1653)
	at reactor.test.DefaultStepVerifierBuilder$DefaultVerifySubscriber.pollTaskEventOrComplete(DefaultStepVerifierBuilder.java:1674)
	at reactor.test.DefaultStepVerifierBuilder$DefaultVerifySubscriber.verify(DefaultStepVerifierBuilder.java:1260)
	at reactor.test.DefaultStepVerifierBuilder$DefaultStepVerifier.verify(DefaultStepVerifierBuilder.java:824)
	at reactor.test.DefaultStepVerifierBuilder$DefaultStepVerifier.verify(DefaultStepVerifierBuilder.java:815)
	at reactor.test.DefaultStepVerifierBuilder.verifyComplete(DefaultStepVerifierBuilder.java:682)
	at com.rp.test.PublisherTest.test1(PublisherTest.java:24)
</failure>
  </testcase>
  <testcase classname="com.rp.test.PublisherTest" name="com.rp.test.PublisherTest.test2" time="0.001">
    <failure message="expectation &quot;expectNext(1)&quot; failed (expected value: 1; actual value: 0)" type="java.lang.AssertionError">java.lang.AssertionError: expectation &quot;expectNext(1)&quot; failed (expected value: 1; actual value: 0)
	at reactor.test.MessageFormatter.assertionError(MessageFormatter.java:115)
	at reactor.test.MessageFormatter.failPrefix(MessageFormatter.java:104)
	at reactor.test.MessageFormatter.fail(MessageFormatter.java:73)
	at reactor.test.MessageFormatter.failOptional(MessageFormatter.java:88)
	at reactor.test.DefaultStepVerifierBuilder.lambda$addExpectedValue$10(DefaultStepVerifierBuilder.java:504)
	at reactor.test.DefaultStepVerifierBuilder$SignalEvent.test(DefaultStepVerifierBuilder.java:2212)
	at reactor.test.DefaultStepVerifierBuilder$DefaultVerifySubscriber.onSignal(DefaultStepVerifierBuilder.java:1484)
	at reactor.test.DefaultStepVerifierBuilder$DefaultVerifySubscriber.onExpectation(DefaultStepVerifierBuilder.java:1432)
	at reactor.test.DefaultStepVerifierBuilder$DefaultVerifySubscriber.onNext(DefaultStepVerifierBuilder.java:1108)
	at reactor.test.publisher.DefaultTestPublisher$TestPublisherSubscription.onNext(DefaultTestPublisher.java:232)
	at reactor.test.publisher.DefaultTestPublisher.next(DefaultTestPublisher.java:400)
	at reactor.test.publisher.DefaultTestPublisher.next(DefaultTestPublisher.java:40)
	at reactor.test.publisher.TestPublisher.next(TestPublisher.java:248)
	at com.rp.test.PublisherTest.lambda$test2$2(PublisherTest.java:33)
	at reactor.test.DefaultStepVerifierBuilder$TaskEvent.run(DefaultStepVerifierBuilder.java:2296)
	at reactor.test.DefaultStepVerifierBuilder$DefaultVerifySubscriber.waitTaskEvent(DefaultStepVerifierBuilder.java:1653)
	at reactor.test.DefaultStepVerifierBuilder$DefaultVerifySubscriber.pollTaskEventOrComplete(DefaultStepVerifierBuilder.java:1674)
	at reactor.test.DefaultStepVerifierBuilder$DefaultVerifySubscriber.verify(DefaultStepVerifierBuilder.java:1260)
	at reactor.test.DefaultStepVerifierBuilder$DefaultStepVerifier.verify(DefaultStepVerifierBuilder.java:824)
	at reactor.test.DefaultStepVerifierBuilder$DefaultStepVerifier.verify(DefaultStepVerifierBuilder.java:815)
	at com.rp.test.PublisherTest.test2(PublisherTest.java:40)
</failure>
  </testcase>
  <testcase classname="com.rp.test.PublisherTest" name="com.rp.test.PublisherTest.test3" time="0.003">
    <failure message="expectation &quot;expectNext(1)&quot; failed (expected value: 1; actual value: 0)" type="java.lang.AssertionError">java.lang.AssertionError: expectation &quot;expectNext(1)&quot; failed (expected value: 1; actual value: 0)
	at reactor.test.MessageFormatter.assertionError(MessageFormatter.java:115)
	at reactor.test.MessageFormatter.failPrefix(MessageFormatter.java:104)
	at reactor.test.MessageFormatter.fail(MessageFormatter.java:73)
	at reactor.test.MessageFormatter.failOptional(MessageFormatter.java:88)
	at reactor.test.DefaultStepVerifierBuilder.lambda$addExpectedValue$10(DefaultStepVerifierBuilder.java:504)
	at reactor.test.DefaultStepVerifierBuilder$SignalEvent.test(DefaultStepVerifierBuilder.java:2212)
	at reactor.test.DefaultStepVerifierBuilder$DefaultVerifySubscriber.onSignal(DefaultStepVerifierBuilder.java:1484)
	at reactor.test.DefaultStepVerifierBuilder$DefaultVerifySubscriber.onExpectation(DefaultStepVerifierBuilder.java:1432)
	at reactor.test.DefaultStepVerifierBuilder$DefaultVerifySubscriber.onNext(DefaultStepVerifierBuilder.java:1108)
	at reactor.test.publisher.DefaultTestPublisher$TestPublisherSubscription.onNext(DefaultTestPublisher.java:232)
	at reactor.test.publisher.DefaultTestPublisher.next(DefaultTestPublisher.java:400)
	at reactor.test.publisher.DefaultTestPublisher.next(DefaultTestPublisher.java:40)
	at reactor.test.publisher.TestPublisher.emit(TestPublisher.java:267)
	at com.rp.test.PublisherTest.lambda$test3$5(PublisherTest.java:49)
	at reactor.test.DefaultStepVerifierBuilder$TaskEvent.run(DefaultStepVerifierBuilder.java:2296)
	at reactor.test.DefaultStepVerifierBuilder$DefaultVerifySubscriber.waitTaskEvent(DefaultStepVerifierBuilder.java:1653)
	at reactor.test.DefaultStepVerifierBuilder$DefaultVerifySubscriber.pollTaskEventOrComplete(DefaultStepVerifierBuilder.java:1674)
	at reactor.test.DefaultStepVerifierBuilder$DefaultVerifySubscriber.verify(DefaultStepVerifierBuilder.java:1260)
	at reactor.test.DefaultStepVerifierBuilder$DefaultStepVerifier.verify(DefaultStepVerifierBuilder.java:824)
	at reactor.test.DefaultStepVerifierBuilder$DefaultStepVerifier.verify(DefaultStepVerifierBuilder.java:815)
	at com.rp.test.PublisherTest.test3(PublisherTest.java:52)
</failure>
  </testcase>
</testsuite>