<?xml version="1.0" encoding="UTF-8" ?>
<testsuite tests="3" failures="3" name="com.rp.test.PublisherTest" time="0.015" errors="0" skipped="0">
  <properties>
[...]
</properties>
  <testcase classname="com.rp.test.PublisherTest" name="com.rp.test.PublisherTest.test1" time="0.011">
    <failure message="expectation &quot;expectNextCount(4)&quot; failed (expected: count = 4; actual: counted = 3; signal: onComplete())" type="java.lang.AssertionError">java.lang.AssertionError: expectation &quot;expectNextCount(4)&quot; failed (expected: count = 4; actual: counted = 3; signal: onComplete())
	at reactor.test.MessageFormatter.assertionError(MessageFormatter.java:115)
	at reactor.test.MessageFormatter.failPrefix(MessageFormatter.java:104)
	at reactor.test.MessageFormatter.fail(MessageFormatter.java:73)
	at reactor.test.MessageFormatter.failOptional(MessageFormatter.java:88)
	at reactor.test.DefaultStepVerifierBuilder$DefaultVerifySubscriber.checkCountMismatch(DefaultStepVerifierBuilder.java:1334)
	at reactor.test.DefaultStepVerifierBuilder$DefaultVerifySubscriber.onSignalCount(DefaultStepVerifierBuilder.java:1565)
	at reactor.test.DefaultStepVerifierBuilder$DefaultVerifySubscriber.onExpectation(DefaultStepVerifierBuilder.java:1417)
	at reactor.test.DefaultStepVerifierBuilder$DefaultVerifySubscriber.onComplete(DefaultStepVerifierBuilder.java:1079)
	at reactor.test.publisher.DefaultTestPublisher$TestPublisherSubscription.onComplete(DefaultTestPublisher.java:248)
	at reactor.test.publisher.DefaultTestPublisher.complete(DefaultTestPublisher.java:432)
	at reactor.test.publisher.DefaultTestPublisher.complete(DefaultTestPublisher.java:40)
	at reactor.test.publisher.TestPublisher.emit(TestPublisher.java:269)
	at com.rp.test.PublisherTest.lambda$test1$1(PublisherTest.java:20)
	at reactor.test.DefaultStepVerifierBuilder$TaskEvent.run(DefaultStepVerifierBuilder.java:2296)
	at reactor.test.DefaultStepVerifierBuilder$DefaultVerifySubscriber.waitTaskEvent(DefaultStepVerifierBuilder.java:1653)
	at reactor.test.DefaultStepVerifierBuilder$DefaultVerifySubscriber.pollTaskEventOrComplete(DefaultStepVerifierBuilder.java:1674)
	at reactor.test.DefaultStepVerifierBuilder$DefaultVerifySubscriber.verify(DefaultStepVerifierBuilder.java:1260)
	at reactor.test.DefaultStepVerifierBuilder$DefaultStepVerifier.verify(DefaultStepVerifierBuilder.java:824)
	at reactor.test.DefaultStepVerifierBuilder$DefaultStepVerifier.verify(DefaultStepVerifierBuilder.java:815)
	at reactor.test.DefaultStepVerifierBuilder.verifyComplete(DefaultStepVerifierBuilder.java:682)
	at com.rp.test.PublisherTest.test1(PublisherTest.java:24)
</failure>
  </testcase>
  <testcase classname="com.rp.test.PublisherTest" name="com.rp.test.PublisherTest.test2" time="0.001">
    <failure message="expectation &quot;expectNext(1)&quot; failed (expected value: 1; actual value: 0)" type="java.lang.AssertionError">java.lang.AssertionError: expectation &quot;expectNext(1)&quot; failed (expected value: 1; actual value: 0)
	at reactor.test.MessageFormatter.assertionError(MessageFormatter.java:115)
	at reactor.test.MessageFormatter.failPrefix(MessageFormatter.java:104)
	at reactor.test.MessageFormatter.fail(MessageFormatter.java:73)
	at reactor.test.MessageFormatter.failOptional(MessageFormatter.java:88)
	at reactor.test.DefaultStepVerifierBuilder.lambda$addExpectedValue$10(DefaultStepVerifierBuilder.java:504)
	at reactor.test.DefaultStepVerifierBuilder$SignalEvent.test(DefaultStepVerifierBuilder.java:2212)
	at reactor.test.DefaultStepVerifierBuilder$DefaultVerifySubscriber.onSignal(DefaultStepVerifierBuilder.java:1484)
	at reactor.test.DefaultStepVerifierBuilder$DefaultVerifySubscriber.onExpectation(DefaultStepVerifierBuilder.java:1432)
	at reactor.test.DefaultStepVerifierBuilder$DefaultVerifySubscriber.onNext(DefaultStepVerifierBuilder.java:1108)
	at reactor.test.publisher.DefaultTestPublisher$TestPublisherSubscription.onNext(DefaultTestPublisher.java:232)
	at reactor.test.publisher.DefaultTestPublisher.next(DefaultTestPublisher.java:400)
	at reactor.test.publisher.DefaultTestPublisher.next(DefaultTestPublisher.java:40)
	at reactor.test.publisher.TestPublisher.next(TestPublisher.java:248)
	at com.rp.test.PublisherTest.lambda$test2$2(PublisherTest.java:33)
	at reactor.test.DefaultStepVerifierBuilder$TaskEvent.run(DefaultStepVerifierBuilder.java:2296)
	at reactor.test.DefaultStepVerifierBuilder$DefaultVerifySubscriber.waitTaskEvent(DefaultStepVerifierBuilder.java:1653)
	at reactor.test.DefaultStepVerifierBuilder$DefaultVerifySubscriber.pollTaskEventOrComplete(DefaultStepVerifierBuilder.java:1674)
	at reactor.test.DefaultStepVerifierBuilder$DefaultVerifySubscriber.verify(DefaultStepVerifierBuilder.java:1260)
	at reactor.test.DefaultStepVerifierBuilder$DefaultStepVerifier.verify(DefaultStepVerifierBuilder.java:824)
	at reactor.test.DefaultStepVerifierBuilder$DefaultStepVerifier.verify(DefaultStepVerifierBuilder.java:815)
	at com.rp.test.PublisherTest.test2(PublisherTest.java:40)
</failure>
  </testcase>
  <testcase classname="com.rp.test.PublisherTest" name="com.rp.test.PublisherTest.test3" time="0.003">
    <failure message="expectation &quot;expectNext(1)&quot; failed (expected value: 1; actual value: 0)" type="java.lang.AssertionError">java.lang.AssertionError: expectation &quot;expectNext(1)&quot; failed (expected value: 1; actual value: 0)
	at reactor.test.MessageFormatter.assertionError(MessageFormatter.java:115)
	at reactor.test.MessageFormatter.failPrefix(MessageFormatter.java:104)
	at reactor.test.MessageFormatter.fail(MessageFormatter.java:73)
	at reactor.test.MessageFormatter.failOptional(MessageFormatter.java:88)
	at reactor.test.DefaultStepVerifierBuilder.lambda$addExpectedValue$10(DefaultStepVerifierBuilder.java:504)
	at reactor.test.DefaultStepVerifierBuilder$SignalEvent.test(DefaultStepVerifierBuilder.java:2212)
	at reactor.test.DefaultStepVerifierBuilder$DefaultVerifySubscriber.onSignal(DefaultStepVerifierBuilder.java:1484)
	at reactor.test.DefaultStepVerifierBuilder$DefaultVerifySubscriber.onExpectation(DefaultStepVerifierBuilder.java:1432)
	at reactor.test.DefaultStepVerifierBuilder$DefaultVerifySubscriber.onNext(DefaultStepVerifierBuilder.java:1108)
	at reactor.test.publisher.DefaultTestPublisher$TestPublisherSubscription.onNext(DefaultTestPublisher.java:232)
	at reactor.test.publisher.DefaultTestPublisher.next(DefaultTestPublisher.java:400)
	at reactor.test.publisher.DefaultTestPublisher.next(DefaultTestPublisher.java:40)
	at reactor.test.publisher.TestPublisher.emit(TestPublisher.java:267)
	at com.rp.test.PublisherTest.lambda$test3$5(PublisherTest.java:49)
	at reactor.test.DefaultStepVerifierBuilder$TaskEvent.run(DefaultStepVerifierBuilder.java:2296)
	at reactor.test.DefaultStepVerifierBuilder$DefaultVerifySubscriber.waitTaskEvent(DefaultStepVerifierBuilder.java:1653)
	at reactor.test.DefaultStepVerifierBuilder$DefaultVerifySubscriber.pollTaskEventOrComplete(DefaultStepVerifierBuilder.java:1674)
	at reactor.test.DefaultStepVerifierBuilder$DefaultVerifySubscriber.verify(DefaultStepVerifierBuilder.java:1260)
	at reactor.test.DefaultStepVerifierBuilder$DefaultStepVerifier.verify(DefaultStepVerifierBuilder.java:824)
	at reactor.test.DefaultStepVerifierBuilder$DefaultStepVerifier.verify(DefaultStepVerifierBuilder.java:815)
	at com.rp.test.PublisherTest.test3(PublisherTest.java:52)
</failure>
  </testcase>
</testsuite>